<?xml version="1.0" encoding="UTF-8"?>
<!-- Generated by org.testng.reporters.JUnitReportReporter -->
<testsuite hostname="LAPTOP-JOD2AMH8" failures="0" tests="2" name="com.testvagrant.assignment.ValidateForeignPlayersInTeam" time="0.041" errors="0" timestamp="2022-08-15T23:52:16 IST" skipped="0">
  <testcase classname="com.testvagrant.assignment.ValidateForeignPlayersInTeam" name="validateWicketKeepersInTeam" time="0.002"/>
  <system-out/>
  <testcase classname="com.testvagrant.assignment.ValidateForeignPlayersInTeam" name="validateForeignPlayersInTeam" time="0.039"/>
  <system-out/>
</testsuite> <!-- com.testvagrant.assignment.ValidateForeignPlayersInTeam -->
